<?xml version="1.0" encoding="UTF-8"?>
<testng-results skipped="0" failed="0" total="1" passed="1">
  <reporter-output>
  </reporter-output>
  <suite name="Surefire suite" duration-ms="26" started-at="2019-01-20T10:55:18Z" finished-at="2019-01-20T10:55:18Z">
    <groups>
    </groups>
    <test name="Surefire test" duration-ms="26" started-at="2019-01-20T10:55:18Z" finished-at="2019-01-20T10:55:18Z">
      <class name="mavenPro5.AppTest">
        <test-method status="PASS" signature="shouldAnswerWithTrue()[pri:0, instance:shouldAnswerWithTrue(mavenPro5.AppTest)]" name="shouldAnswerWithTrue" duration-ms="2" started-at="2019-01-20T18:55:18Z" finished-at="2019-01-20T18:55:18Z">
          <reporter-output>
          </reporter-output>
        </test-method> <!-- shouldAnswerWithTrue -->
      </class> <!-- mavenPro5.AppTest -->
    </test> <!-- Surefire test -->
  </suite> <!-- Surefire suite -->
</testng-results>
