<testng-results>
  <reporter-output>
  </reporter-output>
  <suite name="Suite" duration-ms="17" started-at="2019-01-16T21:48:25Z" finished-at="2019-01-16T21:48:25Z">
    <groups>
    </groups>
    <test name="Test" duration-ms="17" started-at="2019-01-16T21:48:25Z" finished-at="2019-01-16T21:48:25Z">
      <class name="mavenPro5.NewTest">
        <test-method status="PASS" signature="beforeMethod()" name="beforeMethod" is-config="true" duration-ms="1" started-at="2019-01-16T21:48:25Z" finished-at="2019-01-16T21:48:25Z">
        </test-method>
        <test-method status="PASS" signature="f()" name="f" duration-ms="4" started-at="2019-01-16T21:48:25Z" finished-at="2019-01-16T21:48:25Z">
        </test-method>
        <test-method status="PASS" signature="afterMethod()" name="afterMethod" is-config="true" duration-ms="0" started-at="2019-01-16T21:48:25Z" finished-at="2019-01-16T21:48:25Z">
        </test-method>
      </class>
    </test>
  </suite>
</testng-results>
